[2023-07-27 03:42:57]: Exception: Action not exist in C:\laragon\www\php\version1\core\router.php:68
Stack trace:
#0 C:\laragon\www\php\version1\app\App.php(20): Core\Router->handle('/', 'GET')
#1 C:\laragon\www\php\version1\app\App.php(16): App\App->handleUrl()
#2 C:\laragon\www\php\version1\index.php(6): App\App->__construct()
#3 {main}[2023-07-27 03:44:25]: Exception: Action not exist in C:\laragon\www\php\version1\core\router.php:68
Stack trace:
#0 C:\laragon\www\php\version1\app\App.php(20): Core\Router->handle('/', 'GET')
#1 C:\laragon\www\php\version1\app\App.php(16): App\App->handleUrl()
#2 C:\laragon\www\php\version1\index.php(6): App\App->__construct()
#3 {main}
[2023-07-27 03:44:49]: Exception: Action not exist in C:\laragon\www\php\version1\core\router.php:68
Stack trace:
#0 C:\laragon\www\php\version1\app\App.php(20): Core\Router->handle('/', 'GET')
#1 C:\laragon\www\php\version1\app\App.php(16): App\App->handleUrl()
#2 C:\laragon\www\php\version1\index.php(6): App\App->__construct()
#3 {main}

[2023-07-28 04:50:54]: PDOException: SQLSTATE[42S02]: Base table or view not found: 1146 Table 'music.categoires' doesn't exist in C:\laragon\www\php\version1\core\Database.php:70
Stack trace:
#0 C:\laragon\www\php\version1\core\Database.php(70): PDOStatement->execute()
#1 C:\laragon\www\php\version1\core\Model.php(27): Core\Database->query('SELECT * FROM c...')
#2 C:\laragon\www\php\version1\app\Models\Categories.php(9): Core\Model\Model::get()
#3 C:\laragon\www\php\version1\app\Controllers\HomeController.php(12): App\Models\Categories::index()
#4 C:\laragon\www\php\version1\app\App.php(61): App\Controllers\HomeController->index()
#5 C:\laragon\www\php\version1\app\App.php(16): App\App->handleUrl()
#6 C:\laragon\www\php\version1\index.php(6): App\App->__construct()
#7 {main}

[2023-07-28 04:58:32]: RuntimeException: log not working in C:\laragon\www\php\version1\core\Database.php:83
Stack trace:
#0 C:\laragon\www\php\version1\app\Models\Categories.php(12): Core\Database::getQueryLog()
#1 C:\laragon\www\php\version1\app\Controllers\HomeController.php(12): App\Models\Categories::index()
#2 C:\laragon\www\php\version1\app\App.php(61): App\Controllers\HomeController->index()
#3 C:\laragon\www\php\version1\app\App.php(16): App\App->handleUrl()
#4 C:\laragon\www\php\version1\index.php(6): App\App->__construct()
#5 {main}

[2023-07-28 07:00:55]: PDOException: SQLSTATE[42000]: Syntax error or access violation: 1064 You have an error in your SQL syntax; check the manual that corresponds to your MySQL server version for the right syntax to use near '1 ''' at line 2 in C:\laragon\www\php\version1\core\Database.php:71
Stack trace:
#0 C:\laragon\www\php\version1\core\Database.php(71): PDOStatement->execute()
#1 C:\laragon\www\php\version1\trait\QueryBuilder.php(37): Core\Database->query('SELECT * FROM c...')
#2 C:\laragon\www\php\version1\app\Models\Categories.php(11): Core\Database::get()
#3 C:\laragon\www\php\version1\app\Controllers\HomeController.php(12): App\Models\Categories::index()
#4 C:\laragon\www\php\version1\app\App.php(61): App\Controllers\HomeController->index()
#5 C:\laragon\www\php\version1\app\App.php(16): App\App->handleUrl()
#6 C:\laragon\www\php\version1\index.php(6): App\App->__construct()
#7 {main}

[2023-07-28 07:01:28]: PDOException: SQLSTATE[42000]: Syntax error or access violation: 1064 You have an error in your SQL syntax; check the manual that corresponds to your MySQL server version for the right syntax to use near '1 ''' at line 2 in C:\laragon\www\php\version1\core\Database.php:71
Stack trace:
#0 C:\laragon\www\php\version1\core\Database.php(71): PDOStatement->execute()
#1 C:\laragon\www\php\version1\trait\QueryBuilder.php(37): Core\Database->query('SELECT * FROM c...')
#2 C:\laragon\www\php\version1\app\Models\Categories.php(11): Core\Database::get()
#3 C:\laragon\www\php\version1\app\Controllers\HomeController.php(12): App\Models\Categories::index()
#4 C:\laragon\www\php\version1\app\App.php(61): App\Controllers\HomeController->index()
#5 C:\laragon\www\php\version1\app\App.php(16): App\App->handleUrl()
#6 C:\laragon\www\php\version1\index.php(6): App\App->__construct()
#7 {main}

[2023-07-28 07:03:37]: PDOException: SQLSTATE[42000]: Syntax error or access violation: 1064 You have an error in your SQL syntax; check the manual that corresponds to your MySQL server version for the right syntax to use near 'WHERE  id = 1' at line 2 in C:\laragon\www\php\version1\core\Database.php:71
Stack trace:
#0 C:\laragon\www\php\version1\core\Database.php(71): PDOStatement->execute()
#1 C:\laragon\www\php\version1\trait\QueryBuilder.php(37): Core\Database->query('SELECT * FROM \r...')
#2 C:\laragon\www\php\version1\app\Models\Categories.php(11): Core\Database::get()
#3 C:\laragon\www\php\version1\app\Controllers\HomeController.php(12): App\Models\Categories::index()
#4 C:\laragon\www\php\version1\app\App.php(61): App\Controllers\HomeController->index()
#5 C:\laragon\www\php\version1\app\App.php(16): App\App->handleUrl()
#6 C:\laragon\www\php\version1\index.php(6): App\App->__construct()
#7 {main}

[2023-07-28 07:05:00]: PDOException: SQLSTATE[42000]: Syntax error or access violation: 1064 You have an error in your SQL syntax; check the manual that corresponds to your MySQL server version for the right syntax to use near 'WHERE  id = 1' at line 2 in C:\laragon\www\php\version1\core\Database.php:71
Stack trace:
#0 C:\laragon\www\php\version1\core\Database.php(71): PDOStatement->execute()
#1 C:\laragon\www\php\version1\trait\QueryBuilder.php(37): Core\Database->query('SELECT * FROM \r...')
#2 C:\laragon\www\php\version1\app\Models\Categories.php(11): Core\Database::get()
#3 C:\laragon\www\php\version1\app\Controllers\HomeController.php(12): App\Models\Categories::index()
#4 C:\laragon\www\php\version1\app\App.php(61): App\Controllers\HomeController->index()
#5 C:\laragon\www\php\version1\app\App.php(16): App\App->handleUrl()
#6 C:\laragon\www\php\version1\index.php(6): App\App->__construct()
#7 {main}

[2023-07-28 07:07:49]: PDOException: SQLSTATE[42000]: Syntax error or access violation: 1064 You have an error in your SQL syntax; check the manual that corresponds to your MySQL server version for the right syntax to use near 'WHERE  id = 1' at line 2 in C:\laragon\www\php\version1\core\Database.php:71
Stack trace:
#0 C:\laragon\www\php\version1\core\Database.php(71): PDOStatement->execute()
#1 C:\laragon\www\php\version1\trait\QueryBuilder.php(37): Core\Database->query('SELECT * FROM \r...')
#2 C:\laragon\www\php\version1\app\Models\Categories.php(11): Core\Database::get()
#3 C:\laragon\www\php\version1\app\Controllers\HomeController.php(12): App\Models\Categories::index()
#4 C:\laragon\www\php\version1\app\App.php(61): App\Controllers\HomeController->index()
#5 C:\laragon\www\php\version1\app\App.php(16): App\App->handleUrl()
#6 C:\laragon\www\php\version1\index.php(6): App\App->__construct()
#7 {main}

[2023-07-28 07:13:23]: PDOException: SQLSTATE[42S22]: Column not found: 1054 Unknown column 'Array' in 'field list' in C:\laragon\www\php\version1\core\Database.php:71
Stack trace:
#0 C:\laragon\www\php\version1\core\Database.php(71): PDOStatement->execute()
#1 C:\laragon\www\php\version1\core\Model.php(35): Core\Database->query('SELECT Array FR...')
#2 C:\laragon\www\php\version1\app\Models\Categories.php(15): Core\Model\Model::get()
#3 C:\laragon\www\php\version1\app\Controllers\HomeController.php(12): App\Models\Categories::index()
#4 C:\laragon\www\php\version1\app\App.php(61): App\Controllers\HomeController->index()
#5 C:\laragon\www\php\version1\app\App.php(16): App\App->handleUrl()
#6 C:\laragon\www\php\version1\index.php(6): App\App->__construct()
#7 {main}

[2023-07-28 07:49:04]: PDOException: SQLSTATE[42000]: Syntax error or access violation: 1064 You have an error in your SQL syntax; check the manual that corresponds to your MySQL server version for the right syntax to use near 'INNER JOIN regions ON  categories.region_id = regions.id' at line 1 in C:\laragon\www\php\version1\core\Database.php:71
Stack trace:
#0 C:\laragon\www\php\version1\core\Database.php(71): PDOStatement->execute()
#1 C:\laragon\www\php\version1\trait\QueryBuilder.php(95): Core\Database->query('SELECT * FROM  ...')
#2 C:\laragon\www\php\version1\app\Models\Categories.php(17): Core\Model\Model::get()
#3 C:\laragon\www\php\version1\app\Controllers\HomeController.php(12): App\Models\Categories::index()
#4 C:\laragon\www\php\version1\app\App.php(61): App\Controllers\HomeController->index()
#5 C:\laragon\www\php\version1\app\App.php(16): App\App->handleUrl()
#6 C:\laragon\www\php\version1\index.php(6): App\App->__construct()
#7 {main}

[2023-07-28 07:49:12]: PDOException: SQLSTATE[42000]: Syntax error or access violation: 1064 You have an error in your SQL syntax; check the manual that corresponds to your MySQL server version for the right syntax to use near 'INNER JOIN regions ON  categories.region_id = regions.id' at line 1 in C:\laragon\www\php\version1\core\Database.php:71
Stack trace:
#0 C:\laragon\www\php\version1\core\Database.php(71): PDOStatement->execute()
#1 C:\laragon\www\php\version1\trait\QueryBuilder.php(95): Core\Database->query('SELECT * FROM  ...')
#2 C:\laragon\www\php\version1\app\Models\Categories.php(17): Core\Model\Model::get()
#3 C:\laragon\www\php\version1\app\Controllers\HomeController.php(12): App\Models\Categories::index()
#4 C:\laragon\www\php\version1\app\App.php(61): App\Controllers\HomeController->index()
#5 C:\laragon\www\php\version1\app\App.php(16): App\App->handleUrl()
#6 C:\laragon\www\php\version1\index.php(6): App\App->__construct()
#7 {main}

[2023-07-28 07:49:53]: PDOException: SQLSTATE[42000]: Syntax error or access violation: 1064 You have an error in your SQL syntax; check the manual that corresponds to your MySQL server version for the right syntax to use near 'INNER JOIN regions ON  categories.region_id = regions.id' at line 1 in C:\laragon\www\php\version1\core\Database.php:71
Stack trace:
#0 C:\laragon\www\php\version1\core\Database.php(71): PDOStatement->execute()
#1 C:\laragon\www\php\version1\trait\QueryBuilder.php(95): Core\Database->query('SELECT * FROM  ...')
#2 C:\laragon\www\php\version1\app\Models\Categories.php(17): Core\Model\Model::getV2()
#3 C:\laragon\www\php\version1\app\Controllers\HomeController.php(12): App\Models\Categories::index()
#4 C:\laragon\www\php\version1\app\App.php(61): App\Controllers\HomeController->index()
#5 C:\laragon\www\php\version1\app\App.php(16): App\App->handleUrl()
#6 C:\laragon\www\php\version1\index.php(6): App\App->__construct()
#7 {main}

[2023-07-28 07:49:56]: PDOException: SQLSTATE[42000]: Syntax error or access violation: 1064 You have an error in your SQL syntax; check the manual that corresponds to your MySQL server version for the right syntax to use near 'INNER JOIN regions ON  categories.region_id = regions.id' at line 1 in C:\laragon\www\php\version1\core\Database.php:71
Stack trace:
#0 C:\laragon\www\php\version1\core\Database.php(71): PDOStatement->execute()
#1 C:\laragon\www\php\version1\trait\QueryBuilder.php(95): Core\Database->query('SELECT * FROM  ...')
#2 C:\laragon\www\php\version1\app\Models\Categories.php(17): Core\Model\Model::getV2()
#3 C:\laragon\www\php\version1\app\Controllers\HomeController.php(12): App\Models\Categories::index()
#4 C:\laragon\www\php\version1\app\App.php(61): App\Controllers\HomeController->index()
#5 C:\laragon\www\php\version1\app\App.php(16): App\App->handleUrl()
#6 C:\laragon\www\php\version1\index.php(6): App\App->__construct()
#7 {main}

[2023-07-28 07:49:57]: PDOException: SQLSTATE[42000]: Syntax error or access violation: 1064 You have an error in your SQL syntax; check the manual that corresponds to your MySQL server version for the right syntax to use near 'INNER JOIN regions ON  categories.region_id = regions.id' at line 1 in C:\laragon\www\php\version1\core\Database.php:71
Stack trace:
#0 C:\laragon\www\php\version1\core\Database.php(71): PDOStatement->execute()
#1 C:\laragon\www\php\version1\trait\QueryBuilder.php(95): Core\Database->query('SELECT * FROM  ...')
#2 C:\laragon\www\php\version1\app\Models\Categories.php(17): Core\Model\Model::getV2()
#3 C:\laragon\www\php\version1\app\Controllers\HomeController.php(12): App\Models\Categories::index()
#4 C:\laragon\www\php\version1\app\App.php(61): App\Controllers\HomeController->index()
#5 C:\laragon\www\php\version1\app\App.php(16): App\App->handleUrl()
#6 C:\laragon\www\php\version1\index.php(6): App\App->__construct()
#7 {main}

[2023-07-28 07:52:47]: PDOException: SQLSTATE[42000]: Syntax error or access violation: 1064 You have an error in your SQL syntax; check the manual that corresponds to your MySQL server version for the right syntax to use near 'INNER JOIN regions ON  categories.region_id = regions.id' at line 1 in C:\laragon\www\php\version1\core\Database.php:71
Stack trace:
#0 C:\laragon\www\php\version1\core\Database.php(71): PDOStatement->execute()
#1 C:\laragon\www\php\version1\trait\QueryBuilder.php(95): Core\Database->query('SELECT * FROM  ...')
#2 C:\laragon\www\php\version1\app\Models\Categories.php(17): Core\Model\Model::get()
#3 C:\laragon\www\php\version1\app\Controllers\HomeController.php(12): App\Models\Categories::index()
#4 C:\laragon\www\php\version1\app\App.php(61): App\Controllers\HomeController->index()
#5 C:\laragon\www\php\version1\app\App.php(16): App\App->handleUrl()
#6 C:\laragon\www\php\version1\index.php(6): App\App->__construct()
#7 {main}

[2023-07-28 07:53:10]: PDOException: SQLSTATE[42000]: Syntax error or access violation: 1064 You have an error in your SQL syntax; check the manual that corresponds to your MySQL server version for the right syntax to use near 'INNER JOIN regions ON  categories.region_id = regions.id' at line 1 in C:\laragon\www\php\version1\core\Database.php:71
Stack trace:
#0 C:\laragon\www\php\version1\core\Database.php(71): PDOStatement->execute()
#1 C:\laragon\www\php\version1\trait\QueryBuilder.php(95): Core\Database->query('SELECT * FROM  ...')
#2 C:\laragon\www\php\version1\app\Models\Categories.php(17): Core\Model\Model::get()
#3 C:\laragon\www\php\version1\app\Controllers\HomeController.php(12): App\Models\Categories::index()
#4 C:\laragon\www\php\version1\app\App.php(61): App\Controllers\HomeController->index()
#5 C:\laragon\www\php\version1\app\App.php(16): App\App->handleUrl()
#6 C:\laragon\www\php\version1\index.php(6): App\App->__construct()
#7 {main}

[2023-07-28 07:53:12]: PDOException: SQLSTATE[42000]: Syntax error or access violation: 1064 You have an error in your SQL syntax; check the manual that corresponds to your MySQL server version for the right syntax to use near 'INNER JOIN regions ON  categories.region_id = regions.id' at line 1 in C:\laragon\www\php\version1\core\Database.php:71
Stack trace:
#0 C:\laragon\www\php\version1\core\Database.php(71): PDOStatement->execute()
#1 C:\laragon\www\php\version1\trait\QueryBuilder.php(95): Core\Database->query('SELECT * FROM  ...')
#2 C:\laragon\www\php\version1\app\Models\Categories.php(17): Core\Model\Model::get()
#3 C:\laragon\www\php\version1\app\Controllers\HomeController.php(12): App\Models\Categories::index()
#4 C:\laragon\www\php\version1\app\App.php(61): App\Controllers\HomeController->index()
#5 C:\laragon\www\php\version1\app\App.php(16): App\App->handleUrl()
#6 C:\laragon\www\php\version1\index.php(6): App\App->__construct()
#7 {main}

[2023-07-28 07:53:22]: PDOException: SQLSTATE[42000]: Syntax error or access violation: 1064 You have an error in your SQL syntax; check the manual that corresponds to your MySQL server version for the right syntax to use near 'INNER JOIN regions ON  categories.region_id = regions.id' at line 1 in C:\laragon\www\php\version1\core\Database.php:71
Stack trace:
#0 C:\laragon\www\php\version1\core\Database.php(71): PDOStatement->execute()
#1 C:\laragon\www\php\version1\trait\QueryBuilder.php(95): Core\Database->query('SELECT * FROM  ...')
#2 C:\laragon\www\php\version1\app\Models\Categories.php(17): Core\Model\Model::get()
#3 C:\laragon\www\php\version1\app\Controllers\HomeController.php(12): App\Models\Categories::index()
#4 C:\laragon\www\php\version1\app\App.php(61): App\Controllers\HomeController->index()
#5 C:\laragon\www\php\version1\app\App.php(16): App\App->handleUrl()
#6 C:\laragon\www\php\version1\index.php(6): App\App->__construct()
#7 {main}

[2023-07-28 07:54:00]: PDOException: SQLSTATE[42000]: Syntax error or access violation: 1064 You have an error in your SQL syntax; check the manual that corresponds to your MySQL server version for the right syntax to use near 'INNER JOIN regions ON  categories.region_id = regions.id' at line 1 in C:\laragon\www\php\version1\core\Database.php:71
Stack trace:
#0 C:\laragon\www\php\version1\core\Database.php(71): PDOStatement->execute()
#1 C:\laragon\www\php\version1\trait\QueryBuilder.php(95): Core\Database->query('SELECT * FROM  ...')
#2 C:\laragon\www\php\version1\app\Models\Categories.php(17): Core\Model\Model::get()
#3 C:\laragon\www\php\version1\app\Controllers\HomeController.php(12): App\Models\Categories::index()
#4 C:\laragon\www\php\version1\app\App.php(61): App\Controllers\HomeController->index()
#5 C:\laragon\www\php\version1\app\App.php(16): App\App->handleUrl()
#6 C:\laragon\www\php\version1\index.php(6): App\App->__construct()
#7 {main}

[2023-07-28 07:54:14]: PDOException: SQLSTATE[42000]: Syntax error or access violation: 1064 You have an error in your SQL syntax; check the manual that corresponds to your MySQL server version for the right syntax to use near 'INNER JOIN regions ON  categories.region_id = regions.id' at line 1 in C:\laragon\www\php\version1\core\Database.php:71
Stack trace:
#0 C:\laragon\www\php\version1\core\Database.php(71): PDOStatement->execute()
#1 C:\laragon\www\php\version1\trait\QueryBuilder.php(95): Core\Database->query('SELECT * FROM  ...')
#2 C:\laragon\www\php\version1\app\Models\Categories.php(17): Core\Model\Model::get()
#3 C:\laragon\www\php\version1\app\Controllers\HomeController.php(12): App\Models\Categories::index()
#4 C:\laragon\www\php\version1\app\App.php(61): App\Controllers\HomeController->index()
#5 C:\laragon\www\php\version1\app\App.php(16): App\App->handleUrl()
#6 C:\laragon\www\php\version1\index.php(6): App\App->__construct()
#7 {main}

[2023-07-28 08:08:24]: RuntimeException: log not working in C:\laragon\www\php\version1\core\Database.php:86
Stack trace:
#0 C:\laragon\www\php\version1\app\Models\Categories.php(18): Core\Database::getQueryLog()
#1 C:\laragon\www\php\version1\app\Controllers\HomeController.php(12): App\Models\Categories::index()
#2 C:\laragon\www\php\version1\app\App.php(61): App\Controllers\HomeController->index()
#3 C:\laragon\www\php\version1\app\App.php(16): App\App->handleUrl()
#4 C:\laragon\www\php\version1\index.php(6): App\App->__construct()
#5 {main}

[2023-07-28 08:08:40]: PDOException: SQLSTATE[42000]: Syntax error or access violation: 1064 You have an error in your SQL syntax; check the manual that corresponds to your MySQL server version for the right syntax to use near '1' at line 2 in C:\laragon\www\php\version1\core\Database.php:71
Stack trace:
#0 C:\laragon\www\php\version1\core\Database.php(71): PDOStatement->execute()
#1 C:\laragon\www\php\version1\trait\QueryBuilder.php(107): Core\Database->query('SELECT * FROM c...')
#2 C:\laragon\www\php\version1\app\Models\Categories.php(17): Core\Model\Model::get()
#3 C:\laragon\www\php\version1\app\Controllers\HomeController.php(12): App\Models\Categories::index()
#4 C:\laragon\www\php\version1\app\App.php(61): App\Controllers\HomeController->index()
#5 C:\laragon\www\php\version1\app\App.php(16): App\App->handleUrl()
#6 C:\laragon\www\php\version1\index.php(6): App\App->__construct()
#7 {main}

[2023-07-28 08:09:03]: PDOException: SQLSTATE[42000]: Syntax error or access violation: 1064 You have an error in your SQL syntax; check the manual that corresponds to your MySQL server version for the right syntax to use near '1' at line 2 in C:\laragon\www\php\version1\core\Database.php:71
Stack trace:
#0 C:\laragon\www\php\version1\core\Database.php(71): PDOStatement->execute()
#1 C:\laragon\www\php\version1\trait\QueryBuilder.php(107): Core\Database->query('SELECT * FROM c...')
#2 C:\laragon\www\php\version1\app\Models\Categories.php(17): Core\Model\Model::get()
#3 C:\laragon\www\php\version1\app\Controllers\HomeController.php(12): App\Models\Categories::index()
#4 C:\laragon\www\php\version1\app\App.php(61): App\Controllers\HomeController->index()
#5 C:\laragon\www\php\version1\app\App.php(16): App\App->handleUrl()
#6 C:\laragon\www\php\version1\index.php(6): App\App->__construct()
#7 {main}

[2023-07-28 08:09:07]: PDOException: SQLSTATE[42000]: Syntax error or access violation: 1064 You have an error in your SQL syntax; check the manual that corresponds to your MySQL server version for the right syntax to use near '1' at line 2 in C:\laragon\www\php\version1\core\Database.php:71
Stack trace:
#0 C:\laragon\www\php\version1\core\Database.php(71): PDOStatement->execute()
#1 C:\laragon\www\php\version1\trait\QueryBuilder.php(107): Core\Database->query('SELECT * FROM c...')
#2 C:\laragon\www\php\version1\app\Models\Categories.php(17): Core\Model\Model::get()
#3 C:\laragon\www\php\version1\app\Controllers\HomeController.php(12): App\Models\Categories::index()
#4 C:\laragon\www\php\version1\app\App.php(61): App\Controllers\HomeController->index()
#5 C:\laragon\www\php\version1\app\App.php(16): App\App->handleUrl()
#6 C:\laragon\www\php\version1\index.php(6): App\App->__construct()
#7 {main}

[2023-07-28 08:09:49]: PDOException: SQLSTATE[42000]: Syntax error or access violation: 1064 You have an error in your SQL syntax; check the manual that corresponds to your MySQL server version for the right syntax to use near '1' at line 2 in C:\laragon\www\php\version1\core\Database.php:71
Stack trace:
#0 C:\laragon\www\php\version1\core\Database.php(71): PDOStatement->execute()
#1 C:\laragon\www\php\version1\trait\QueryBuilder.php(107): Core\Database->query('SELECT * FROM c...')
#2 C:\laragon\www\php\version1\app\Models\Categories.php(17): Core\Model\Model::get()
#3 C:\laragon\www\php\version1\app\Controllers\HomeController.php(12): App\Models\Categories::index()
#4 C:\laragon\www\php\version1\app\App.php(61): App\Controllers\HomeController->index()
#5 C:\laragon\www\php\version1\app\App.php(16): App\App->handleUrl()
#6 C:\laragon\www\php\version1\index.php(6): App\App->__construct()
#7 {main}

[2023-07-28 08:10:23]: PDOException: SQLSTATE[42000]: Syntax error or access violation: 1064 You have an error in your SQL syntax; check the manual that corresponds to your MySQL server version for the right syntax to use near '1' at line 2 in C:\laragon\www\php\version1\core\Database.php:71
Stack trace:
#0 C:\laragon\www\php\version1\core\Database.php(71): PDOStatement->execute()
#1 C:\laragon\www\php\version1\trait\QueryBuilder.php(107): Core\Database->query('SELECT * FROM c...')
#2 C:\laragon\www\php\version1\app\Models\Categories.php(17): Core\Model\Model::get()
#3 C:\laragon\www\php\version1\app\Controllers\HomeController.php(12): App\Models\Categories::index()
#4 C:\laragon\www\php\version1\app\App.php(61): App\Controllers\HomeController->index()
#5 C:\laragon\www\php\version1\app\App.php(16): App\App->handleUrl()
#6 C:\laragon\www\php\version1\index.php(6): App\App->__construct()
#7 {main}

[2023-07-28 08:12:54]: RuntimeException: log not working in C:\laragon\www\php\version1\core\Database.php:86
Stack trace:
#0 C:\laragon\www\php\version1\app\Models\Categories.php(18): Core\Database::getQueryLog()
#1 C:\laragon\www\php\version1\app\Controllers\HomeController.php(12): App\Models\Categories::index()
#2 C:\laragon\www\php\version1\app\App.php(61): App\Controllers\HomeController->index()
#3 C:\laragon\www\php\version1\app\App.php(16): App\App->handleUrl()
#4 C:\laragon\www\php\version1\index.php(6): App\App->__construct()
#5 {main}

[2023-07-28 08:36:26]: PDOException: SQLSTATE[42000]: Syntax error or access violation: 1064 You have an error in your SQL syntax; check the manual that corresponds to your MySQL server version for the right syntax to use near '1 ''' at line 2 in C:\laragon\www\php\version1\core\Database.php:71
Stack trace:
#0 C:\laragon\www\php\version1\core\Database.php(71): PDOStatement->execute()
#1 C:\laragon\www\php\version1\trait\QueryBuilder.php(124): Core\Database->query('SELECT * FROM c...')
#2 C:\laragon\www\php\version1\app\Models\Categories.php(17): Core\Model\Model::get()
#3 C:\laragon\www\php\version1\app\Controllers\HomeController.php(12): App\Models\Categories::index()
#4 C:\laragon\www\php\version1\app\App.php(61): App\Controllers\HomeController->index()
#5 C:\laragon\www\php\version1\app\App.php(16): App\App->handleUrl()
#6 C:\laragon\www\php\version1\index.php(6): App\App->__construct()
#7 {main}

[2023-08-02 04:24:02]: Exception: Duplicate router in C:\laragon\www\php\version1\core\router.php:41
Stack trace:
#0 C:\laragon\www\php\version1\app\App.php(20): Core\Router->handle('/home', 'GET')
#1 C:\laragon\www\php\version1\app\App.php(16): App\App->handleUrl()
#2 C:\laragon\www\php\version1\index.php(6): App\App->__construct()
#3 {main}

[2023-08-02 04:24:35]: Exception: Router not exist in C:\laragon\www\php\version1\core\router.php:68
Stack trace:
#0 C:\laragon\www\php\version1\app\App.php(20): Core\Router->handle('/home', 'GET')
#1 C:\laragon\www\php\version1\app\App.php(16): App\App->handleUrl()
#2 C:\laragon\www\php\version1\index.php(6): App\App->__construct()
#3 {main}

[2023-08-02 04:24:48]: Exception: Router not exist in C:\laragon\www\php\version1\core\router.php:68
Stack trace:
#0 C:\laragon\www\php\version1\app\App.php(20): Core\Router->handle('/home', 'GET')
#1 C:\laragon\www\php\version1\app\App.php(16): App\App->handleUrl()
#2 C:\laragon\www\php\version1\index.php(6): App\App->__construct()
#3 {main}

[2023-08-02 04:25:25]: Exception: Router not exist in C:\laragon\www\php\version1\core\router.php:68
Stack trace:
#0 C:\laragon\www\php\version1\app\App.php(20): Core\Router->handle('/home', 'GET')
#1 C:\laragon\www\php\version1\app\App.php(16): App\App->handleUrl()
#2 C:\laragon\www\php\version1\index.php(6): App\App->__construct()
#3 {main}

[2023-08-02 04:27:56]: Exception: Router not exist in C:\laragon\www\php\version1\core\router.php:68
Stack trace:
#0 C:\laragon\www\php\version1\app\App.php(20): Core\Router->handle('/home', 'GET')
#1 C:\laragon\www\php\version1\app\App.php(16): App\App->handleUrl()
#2 C:\laragon\www\php\version1\index.php(6): App\App->__construct()
#3 {main}

[2023-08-02 04:28:33]: Exception: Router not exist in C:\laragon\www\php\version1\core\router.php:68
Stack trace:
#0 C:\laragon\www\php\version1\app\App.php(20): Core\Router->handle('/home', 'GET')
#1 C:\laragon\www\php\version1\app\App.php(16): App\App->handleUrl()
#2 C:\laragon\www\php\version1\index.php(6): App\App->__construct()
#3 {main}

[2023-08-02 07:21:07]: Exception: Router not exist in C:\laragon\www\php\version1\core\router.php:69
Stack trace:
#0 C:\laragon\www\php\version1\app\App.php(20): Core\Router->handle('/home', 'GET')
#1 C:\laragon\www\php\version1\app\App.php(16): App\App->handleUrl()
#2 C:\laragon\www\php\version1\index.php(6): App\App->__construct()
#3 {main}

[2023-08-02 07:21:20]: Exception: Router not exist in C:\laragon\www\php\version1\core\router.php:69
Stack trace:
#0 C:\laragon\www\php\version1\app\App.php(20): Core\Router->handle('/home', 'GET')
#1 C:\laragon\www\php\version1\app\App.php(16): App\App->handleUrl()
#2 C:\laragon\www\php\version1\index.php(6): App\App->__construct()
#3 {main}

[2023-08-02 07:21:51]: Exception: Router not exist in C:\laragon\www\php\version1\core\router.php:69
Stack trace:
#0 C:\laragon\www\php\version1\app\App.php(20): Core\Router->handle('/home', 'GET')
#1 C:\laragon\www\php\version1\app\App.php(16): App\App->handleUrl()
#2 C:\laragon\www\php\version1\index.php(6): App\App->__construct()
#3 {main}

[2023-08-02 07:47:21]: Exception: Router not exist in C:\laragon\www\php\version1\core\router.php:69
Stack trace:
#0 C:\laragon\www\php\version1\app\App.php(20): Core\Router->handle('/home', 'GET')
#1 C:\laragon\www\php\version1\app\App.php(16): App\App->handleUrl()
#2 C:\laragon\www\php\version1\index.php(6): App\App->__construct()
#3 {main}

[2023-08-02 07:47:29]: Exception: Router not exist in C:\laragon\www\php\version1\core\router.php:69
Stack trace:
#0 C:\laragon\www\php\version1\app\App.php(20): Core\Router->handle('/home', 'GET')
#1 C:\laragon\www\php\version1\app\App.php(16): App\App->handleUrl()
#2 C:\laragon\www\php\version1\index.php(6): App\App->__construct()
#3 {main}

[2023-08-02 07:47:31]: Exception: Router not exist in C:\laragon\www\php\version1\core\router.php:69
Stack trace:
#0 C:\laragon\www\php\version1\app\App.php(20): Core\Router->handle('/home', 'GET')
#1 C:\laragon\www\php\version1\app\App.php(16): App\App->handleUrl()
#2 C:\laragon\www\php\version1\index.php(6): App\App->__construct()
#3 {main}

[2023-08-02 07:47:31]: Exception: Router not exist in C:\laragon\www\php\version1\core\router.php:69
Stack trace:
#0 C:\laragon\www\php\version1\app\App.php(20): Core\Router->handle('/home', 'GET')
#1 C:\laragon\www\php\version1\app\App.php(16): App\App->handleUrl()
#2 C:\laragon\www\php\version1\index.php(6): App\App->__construct()
#3 {main}

[2023-08-02 07:49:10]: Exception: Router not exist in C:\laragon\www\php\version1\core\router.php:69
Stack trace:
#0 C:\laragon\www\php\version1\app\App.php(20): Core\Router->handle('/home', 'GET')
#1 C:\laragon\www\php\version1\app\App.php(16): App\App->handleUrl()
#2 C:\laragon\www\php\version1\index.php(6): App\App->__construct()
#3 {main}

[2023-08-02 08:06:06]: Exception: Router not exist in C:\laragon\www\php\version1\core\router.php:71
Stack trace:
#0 C:\laragon\www\php\version1\app\App.php(20): Core\Router->handle('/home', 'GET')
#1 C:\laragon\www\php\version1\app\App.php(16): App\App->handleUrl()
#2 C:\laragon\www\php\version1\index.php(6): App\App->__construct()
#3 {main}

[2023-08-02 08:06:11]: Exception: Router not exist in C:\laragon\www\php\version1\core\router.php:71
Stack trace:
#0 C:\laragon\www\php\version1\app\App.php(20): Core\Router->handle('/home', 'GET')
#1 C:\laragon\www\php\version1\app\App.php(16): App\App->handleUrl()
#2 C:\laragon\www\php\version1\index.php(6): App\App->__construct()
#3 {main}

[2023-08-02 08:23:30]: Exception: Router not exist in C:\laragon\www\php\version1\core\router.php:71
Stack trace:
#0 C:\laragon\www\php\version1\app\App.php(20): Core\Router->handle('/home', 'GET')
#1 C:\laragon\www\php\version1\app\App.php(16): App\App->handleUrl()
#2 C:\laragon\www\php\version1\index.php(6): App\App->__construct()
#3 {main}

[2023-08-02 08:23:39]: Exception: Router not exist in C:\laragon\www\php\version1\core\router.php:71
Stack trace:
#0 C:\laragon\www\php\version1\app\App.php(20): Core\Router->handle('/home', 'GET')
#1 C:\laragon\www\php\version1\app\App.php(16): App\App->handleUrl()
#2 C:\laragon\www\php\version1\index.php(6): App\App->__construct()
#3 {main}

[2023-08-02 08:25:01]: Exception: Router not exist in C:\laragon\www\php\version1\core\router.php:71
Stack trace:
#0 C:\laragon\www\php\version1\app\App.php(20): Core\Router->handle('/home', 'GET')
#1 C:\laragon\www\php\version1\app\App.php(16): App\App->handleUrl()
#2 C:\laragon\www\php\version1\index.php(6): App\App->__construct()
#3 {main}

[2023-08-02 08:25:12]: Exception: Router not exist in C:\laragon\www\php\version1\core\router.php:71
Stack trace:
#0 C:\laragon\www\php\version1\app\App.php(20): Core\Router->handle('/home', 'GET')
#1 C:\laragon\www\php\version1\app\App.php(16): App\App->handleUrl()
#2 C:\laragon\www\php\version1\index.php(6): App\App->__construct()
#3 {main}

[2023-08-02 08:25:13]: Exception: Router not exist in C:\laragon\www\php\version1\core\router.php:71
Stack trace:
#0 C:\laragon\www\php\version1\app\App.php(20): Core\Router->handle('/home', 'GET')
#1 C:\laragon\www\php\version1\app\App.php(16): App\App->handleUrl()
#2 C:\laragon\www\php\version1\index.php(6): App\App->__construct()
#3 {main}

[2023-08-02 08:25:14]: Exception: Router not exist in C:\laragon\www\php\version1\core\router.php:71
Stack trace:
#0 C:\laragon\www\php\version1\app\App.php(20): Core\Router->handle('/home', 'GET')
#1 C:\laragon\www\php\version1\app\App.php(16): App\App->handleUrl()
#2 C:\laragon\www\php\version1\index.php(6): App\App->__construct()
#3 {main}

[2023-08-02 08:29:37]: Exception: Router not exist in C:\laragon\www\php\version1\core\router.php:71
Stack trace:
#0 C:\laragon\www\php\version1\app\App.php(20): Core\Router->handle('/home', 'GET')
#1 C:\laragon\www\php\version1\app\App.php(16): App\App->handleUrl()
#2 C:\laragon\www\php\version1\index.php(6): App\App->__construct()
#3 {main}

[2023-08-02 09:27:51]: Exception: oh in C:\laragon\www\php\version1\core\router.php:83
Stack trace:
#0 C:\laragon\www\php\version1\app\App.php(20): Core\Router->handle('/home', 'GET')
#1 C:\laragon\www\php\version1\app\App.php(16): App\App->handleUrl()
#2 C:\laragon\www\php\version1\index.php(6): App\App->__construct()
#3 {main}

[2023-08-02 09:37:11]: Exception: Login does not exit in C:\laragon\www\php\version1\core\router.php:83
Stack trace:
#0 C:\laragon\www\php\version1\app\App.php(20): Core\Router->handle('/home', 'GET')
#1 C:\laragon\www\php\version1\app\App.php(16): App\App->handleUrl()
#2 C:\laragon\www\php\version1\index.php(6): App\App->__construct()
#3 {main}

[2023-08-02 09:38:53]: Exception: Page not found in C:\laragon\www\php\version1\app\App.php:39
Stack trace:
#0 C:\laragon\www\php\version1\app\App.php(16): App\App->handleUrl()
#1 C:\laragon\www\php\version1\index.php(6): App\App->__construct()
#2 {main}

[2023-08-02 09:50:12]: Exception: Router not exist in C:\laragon\www\php\version1\core\router.php:74
Stack trace:
#0 C:\laragon\www\php\version1\app\App.php(20): Core\Router->handle(NULL, NULL)
#1 C:\laragon\www\php\version1\app\App.php(16): App\App->handleUrl()
#2 C:\laragon\www\php\version1\index.php(6): App\App->__construct()
#3 {main}

[2023-08-03 03:46:42]: RuntimeException: Router not exist in C:\laragon\www\php\version1\core\router.php:74
Stack trace:
#0 C:\laragon\www\php\version1\app\App.php(20): Core\Router->handle('/home', 'GET')
#1 C:\laragon\www\php\version1\app\App.php(16): App\App->handleUrl()
#2 C:\laragon\www\php\version1\index.php(6): App\App->__construct()
#3 {main}

[2023-08-03 06:14:56]: RuntimeException: Router not exist in C:\laragon\www\php\version1\core\router.php:77
Stack trace:
#0 C:\laragon\www\php\version1\app\App.php(20): Core\Router->handle('/home4', 'GET')
#1 C:\laragon\www\php\version1\app\App.php(16): App\App->handleUrl()
#2 C:\laragon\www\php\version1\index.php(6): App\App->__construct()
#3 {main}

[2023-08-03 06:15:10]: RuntimeException: Router not exist in C:\laragon\www\php\version1\core\router.php:77
Stack trace:
#0 C:\laragon\www\php\version1\app\App.php(20): Core\Router->handle('/home4', 'GET')
#1 C:\laragon\www\php\version1\app\App.php(16): App\App->handleUrl()
#2 C:\laragon\www\php\version1\index.php(6): App\App->__construct()
#3 {main}

[2023-08-03 06:15:50]: RuntimeException: Router not exist in C:\laragon\www\php\version1\core\router.php:75
Stack trace:
#0 C:\laragon\www\php\version1\app\App.php(20): Core\Router->handle('/home4', 'GET')
#1 C:\laragon\www\php\version1\app\App.php(16): App\App->handleUrl()
#2 C:\laragon\www\php\version1\index.php(6): App\App->__construct()
#3 {main}

[2023-08-03 06:16:26]: RuntimeException: Router not exist in C:\laragon\www\php\version1\core\router.php:75
Stack trace:
#0 C:\laragon\www\php\version1\app\App.php(20): Core\Router->handle('/', 'GET')
#1 C:\laragon\www\php\version1\app\App.php(16): App\App->handleUrl()
#2 C:\laragon\www\php\version1\index.php(6): App\App->__construct()
#3 {main}

[2023-08-03 06:16:28]: RuntimeException: Router not exist in C:\laragon\www\php\version1\core\router.php:75
Stack trace:
#0 C:\laragon\www\php\version1\app\App.php(20): Core\Router->handle('/', 'GET')
#1 C:\laragon\www\php\version1\app\App.php(16): App\App->handleUrl()
#2 C:\laragon\www\php\version1\index.php(6): App\App->__construct()
#3 {main}

[2023-08-03 06:16:29]: RuntimeException: Router not exist in C:\laragon\www\php\version1\core\router.php:75
Stack trace:
#0 C:\laragon\www\php\version1\app\App.php(20): Core\Router->handle('/', 'GET')
#1 C:\laragon\www\php\version1\app\App.php(16): App\App->handleUrl()
#2 C:\laragon\www\php\version1\index.php(6): App\App->__construct()
#3 {main}

[2023-08-03 06:17:18]: RuntimeException: Router not exist in C:\laragon\www\php\version1\core\router.php:75
Stack trace:
#0 C:\laragon\www\php\version1\app\App.php(20): Core\Router->handle('/', 'GET')
#1 C:\laragon\www\php\version1\app\App.php(16): App\App->handleUrl()
#2 C:\laragon\www\php\version1\index.php(6): App\App->__construct()
#3 {main}

[2023-08-03 06:17:20]: RuntimeException: Router not exist in C:\laragon\www\php\version1\core\router.php:75
Stack trace:
#0 C:\laragon\www\php\version1\app\App.php(20): Core\Router->handle('/', 'GET')
#1 C:\laragon\www\php\version1\app\App.php(16): App\App->handleUrl()
#2 C:\laragon\www\php\version1\index.php(6): App\App->__construct()
#3 {main}

[2023-08-03 06:17:40]: RuntimeException: Router not exist in C:\laragon\www\php\version1\core\router.php:76
Stack trace:
#0 C:\laragon\www\php\version1\app\App.php(20): Core\Router->handle('/', 'GET')
#1 C:\laragon\www\php\version1\app\App.php(16): App\App->handleUrl()
#2 C:\laragon\www\php\version1\index.php(6): App\App->__construct()
#3 {main}

[2023-08-03 06:17:50]: RuntimeException: Router not exist in C:\laragon\www\php\version1\core\router.php:76
Stack trace:
#0 C:\laragon\www\php\version1\app\App.php(20): Core\Router->handle('/', 'GET')
#1 C:\laragon\www\php\version1\app\App.php(16): App\App->handleUrl()
#2 C:\laragon\www\php\version1\index.php(6): App\App->__construct()
#3 {main}

[2023-08-03 06:21:49]: RuntimeException: Router not exist in C:\laragon\www\php\version1\core\router.php:75
Stack trace:
#0 C:\laragon\www\php\version1\app\App.php(20): Core\Router->handle('/', 'GET')
#1 C:\laragon\www\php\version1\app\App.php(16): App\App->handleUrl()
#2 C:\laragon\www\php\version1\index.php(6): App\App->__construct()
#3 {main}

[2023-08-03 06:23:02]: RuntimeException: Router not exist in C:\laragon\www\php\version1\core\router.php:75
Stack trace:
#0 C:\laragon\www\php\version1\app\App.php(20): Core\Router->handle('/', 'GET')
#1 C:\laragon\www\php\version1\app\App.php(16): App\App->handleUrl()
#2 C:\laragon\www\php\version1\index.php(6): App\App->__construct()
#3 {main}

[2023-08-03 06:23:23]: RuntimeException: Router not exist in C:\laragon\www\php\version1\core\router.php:75
Stack trace:
#0 C:\laragon\www\php\version1\app\App.php(20): Core\Router->handle('/', 'GET')
#1 C:\laragon\www\php\version1\app\App.php(16): App\App->handleUrl()
#2 C:\laragon\www\php\version1\index.php(6): App\App->__construct()
#3 {main}

[2023-08-03 06:27:36]: RuntimeException: Router not exist in C:\laragon\www\php\version1\core\router.php:75
Stack trace:
#0 C:\laragon\www\php\version1\app\App.php(20): Core\Router->handle('/', 'GET')
#1 C:\laragon\www\php\version1\app\App.php(16): App\App->handleUrl()
#2 C:\laragon\www\php\version1\index.php(6): App\App->__construct()
#3 {main}

[2023-08-03 06:28:10]: RuntimeException: Router not exist in C:\laragon\www\php\version1\core\router.php:75
Stack trace:
#0 C:\laragon\www\php\version1\app\App.php(20): Core\Router->handle('/', 'GET')
#1 C:\laragon\www\php\version1\app\App.php(16): App\App->handleUrl()
#2 C:\laragon\www\php\version1\index.php(6): App\App->__construct()
#3 {main}

[2023-08-03 08:22:03]: Exception: Method storeWithID does not exit in controller O:30:"App\Controllers\HomeController":0:{} in C:\laragon\www\php\version1\app\App.php:64
Stack trace:
#0 C:\laragon\www\php\version1\app\App.php(16): App\App->handleUrl()
#1 C:\laragon\www\php\version1\index.php(6): App\App->__construct()
#2 {main}

[2023-08-03 08:33:19]: RuntimeException: Router not exist in C:\laragon\www\php\version1\core\router.php:75
Stack trace:
#0 C:\laragon\www\php\version1\app\App.php(20): Core\Router->handle('/home/detail', 'GET')
#1 C:\laragon\www\php\version1\app\App.php(16): App\App->handleUrl()
#2 C:\laragon\www\php\version1\index.php(6): App\App->__construct()
#3 {main}

[2023-08-03 08:33:36]: RuntimeException: Method detail does not exit in controller O:30:"App\Controllers\HomeController":0:{} in C:\laragon\www\php\version1\app\App.php:64
Stack trace:
#0 C:\laragon\www\php\version1\app\App.php(16): App\App->handleUrl()
#1 C:\laragon\www\php\version1\index.php(6): App\App->__construct()
#2 {main}

[2023-08-03 08:36:59]: RuntimeException: Router not exist in C:\laragon\www\php\version1\core\router.php:74
Stack trace:
#0 C:\laragon\www\php\version1\app\App.php(20): Core\Router->handle('/home/1/detail', 'GET')
#1 C:\laragon\www\php\version1\app\App.php(16): App\App->handleUrl()
#2 C:\laragon\www\php\version1\index.php(6): App\App->__construct()
#3 {main}

[2023-08-04 08:37:46]: PDOException: SQLSTATE[23000]: Integrity constraint violation: 1452 Cannot add or update a child row: a foreign key constraint fails (`music`.`categories`, CONSTRAINT `categories_ibfk_1` FOREIGN KEY (`region_id`) REFERENCES `regions` (`id`)) in C:\laragon\www\php\version1\core\Database.php:20
Stack trace:
#0 C:\laragon\www\php\version1\core\Database.php(20): PDOStatement->execute()
#1 C:\laragon\www\php\version1\trait\QueryBuilder.php(231): Core\Database->query('INSERT INTO cat...')
#2 C:\laragon\www\php\version1\app\Models\Categories.php(21): Core\Model\Model::insertLastId(Array)
#3 C:\laragon\www\php\version1\app\Controllers\HomeController.php(16): App\Models\Categories::store()
#4 C:\laragon\www\php\version1\app\App.php(61): App\Controllers\HomeController->store(Object(Core\Request))
#5 C:\laragon\www\php\version1\app\App.php(16): App\App->handleUrl()
#6 C:\laragon\www\php\version1\index.php(6): App\App->__construct()
#7 {main}

[2023-08-04 08:54:43]: PDOException: SQLSTATE[42000]: Syntax error or access violation: 1064 You have an error in your SQL syntax; check the manual that corresponds to your MySQL server version for the right syntax to use near 'thoại' at line 1 in C:\laragon\www\php\version1\core\Database.php:20
Stack trace:
#0 C:\laragon\www\php\version1\core\Database.php(20): PDOStatement->execute()
#1 C:\laragon\www\php\version1\trait\QueryBuilder.php(260): Core\Database->query('UPDATE categori...')
#2 C:\laragon\www\php\version1\app\Models\Categories.php(22): Core\Model\Model::update(Array, Array)
#3 C:\laragon\www\php\version1\app\Controllers\HomeController.php(16): App\Models\Categories::store()
#4 C:\laragon\www\php\version1\app\App.php(61): App\Controllers\HomeController->store(Object(Core\Request))
#5 C:\laragon\www\php\version1\app\App.php(16): App\App->handleUrl()
#6 C:\laragon\www\php\version1\index.php(6): App\App->__construct()
#7 {main}

[2023-08-04 08:54:53]: PDOException: SQLSTATE[42000]: Syntax error or access violation: 1064 You have an error in your SQL syntax; check the manual that corresponds to your MySQL server version for the right syntax to use near 'thoại' at line 1 in C:\laragon\www\php\version1\core\Database.php:20
Stack trace:
#0 C:\laragon\www\php\version1\core\Database.php(20): PDOStatement->execute()
#1 C:\laragon\www\php\version1\trait\QueryBuilder.php(260): Core\Database->query('UPDATE categori...')
#2 C:\laragon\www\php\version1\app\Models\Categories.php(22): Core\Model\Model::update(Array, Array)
#3 C:\laragon\www\php\version1\app\Controllers\HomeController.php(16): App\Models\Categories::store()
#4 C:\laragon\www\php\version1\app\App.php(61): App\Controllers\HomeController->store(Object(Core\Request))
#5 C:\laragon\www\php\version1\app\App.php(16): App\App->handleUrl()
#6 C:\laragon\www\php\version1\index.php(6): App\App->__construct()
#7 {main}

[2023-08-04 08:55:13]: PDOException: SQLSTATE[42000]: Syntax error or access violation: 1064 You have an error in your SQL syntax; check the manual that corresponds to your MySQL server version for the right syntax to use near 'thoại' at line 1 in C:\laragon\www\php\version1\core\Database.php:20
Stack trace:
#0 C:\laragon\www\php\version1\core\Database.php(20): PDOStatement->execute()
#1 C:\laragon\www\php\version1\trait\QueryBuilder.php(261): Core\Database->query('UPDATE categori...')
#2 C:\laragon\www\php\version1\app\Models\Categories.php(22): Core\Model\Model::update(Array, Array)
#3 C:\laragon\www\php\version1\app\Controllers\HomeController.php(16): App\Models\Categories::store()
#4 C:\laragon\www\php\version1\app\App.php(61): App\Controllers\HomeController->store(Object(Core\Request))
#5 C:\laragon\www\php\version1\app\App.php(16): App\App->handleUrl()
#6 C:\laragon\www\php\version1\index.php(6): App\App->__construct()
#7 {main}

[2023-08-04 09:22:40]: PDOException: SQLSTATE[42000]: Syntax error or access violation: 1064 You have an error in your SQL syntax; check the manual that corresponds to your MySQL server version for the right syntax to use near '8 ''' at line 2 in C:\laragon\www\php\version1\core\Database.php:20
Stack trace:
#0 C:\laragon\www\php\version1\core\Database.php(20): PDOStatement->execute()
#1 C:\laragon\www\php\version1\trait\QueryBuilder.php(133): Core\Database->query('SELECT * FROM c...')
#2 C:\laragon\www\php\version1\trait\QueryBuilder.php(223): Core\Model\Model::first()
#3 C:\laragon\www\php\version1\app\Models\Categories.php(22): Core\Model\Model::create(Array)
#4 C:\laragon\www\php\version1\app\Controllers\HomeController.php(16): App\Models\Categories::store()
#5 C:\laragon\www\php\version1\app\App.php(61): App\Controllers\HomeController->store(Object(Core\Request))
#6 C:\laragon\www\php\version1\app\App.php(16): App\App->handleUrl()
#7 C:\laragon\www\php\version1\index.php(6): App\App->__construct()
#8 {main}

[2023-08-04 09:23:14]: PDOException: SQLSTATE[42000]: Syntax error or access violation: 1064 You have an error in your SQL syntax; check the manual that corresponds to your MySQL server version for the right syntax to use near '9 ''' at line 2 in C:\laragon\www\php\version1\core\Database.php:20
Stack trace:
#0 C:\laragon\www\php\version1\core\Database.php(20): PDOStatement->execute()
#1 C:\laragon\www\php\version1\trait\QueryBuilder.php(133): Core\Database->query('SELECT * FROM c...')
#2 C:\laragon\www\php\version1\trait\QueryBuilder.php(224): Core\Model\Model::first()
#3 C:\laragon\www\php\version1\app\Models\Categories.php(22): Core\Model\Model::create(Array)
#4 C:\laragon\www\php\version1\app\Controllers\HomeController.php(16): App\Models\Categories::store()
#5 C:\laragon\www\php\version1\app\App.php(61): App\Controllers\HomeController->store(Object(Core\Request))
#6 C:\laragon\www\php\version1\app\App.php(16): App\App->handleUrl()
#7 C:\laragon\www\php\version1\index.php(6): App\App->__construct()
#8 {main}

[2023-08-04 09:23:58]: PDOException: SQLSTATE[42000]: Syntax error or access violation: 1064 You have an error in your SQL syntax; check the manual that corresponds to your MySQL server version for the right syntax to use near '10 ''' at line 2 in C:\laragon\www\php\version1\core\Database.php:20
Stack trace:
#0 C:\laragon\www\php\version1\core\Database.php(20): PDOStatement->execute()
#1 C:\laragon\www\php\version1\trait\QueryBuilder.php(134): Core\Database->query('SELECT * FROM c...')
#2 C:\laragon\www\php\version1\trait\QueryBuilder.php(224): Core\Model\Model::first()
#3 C:\laragon\www\php\version1\app\Models\Categories.php(22): Core\Model\Model::create(Array)
#4 C:\laragon\www\php\version1\app\Controllers\HomeController.php(16): App\Models\Categories::store()
#5 C:\laragon\www\php\version1\app\App.php(61): App\Controllers\HomeController->store(Object(Core\Request))
#6 C:\laragon\www\php\version1\app\App.php(16): App\App->handleUrl()
#7 C:\laragon\www\php\version1\index.php(6): App\App->__construct()
#8 {main}